[2020-08-25 19:35:34] merlin-logger.DEBUG: The welcome step has been displayed [] []
[2020-08-25 19:35:36] merlin-logger.DEBUG: The plugin installation step has been displayed [] []
[2020-08-25 19:35:39] merlin-logger.DEBUG: A plugin with the following data will be processed {"plugin_slug":"redux-framework","message":"Installing"} []
[2020-08-25 19:36:07] merlin-logger.DEBUG: A plugin with the following data was processed {"plugin_slug":"redux-framework"} []
[2020-08-25 19:36:08] merlin-logger.DEBUG: A plugin with the following data will be processed {"plugin_slug":"entry-views","message":"Installing"} []
[2020-08-25 19:36:11] merlin-logger.DEBUG: A plugin with the following data was processed {"plugin_slug":"entry-views"} []
[2020-08-25 19:36:12] merlin-logger.DEBUG: A plugin with the following data will be processed {"plugin_slug":"envato-market","message":"Installing"} []
[2020-08-25 19:36:15] merlin-logger.DEBUG: A plugin with the following data was processed {"plugin_slug":"envato-market"} []
[2020-08-25 19:36:15] merlin-logger.DEBUG: A plugin with the following data will be processed {"plugin_slug":"force-regenerate-thumbnails","message":"Installing"} []
[2020-08-25 19:36:19] merlin-logger.DEBUG: A plugin with the following data was processed {"plugin_slug":"force-regenerate-thumbnails"} []
[2020-08-25 19:36:19] merlin-logger.DEBUG: A plugin with the following data will be processed {"plugin_slug":"meks-easy-ads-widget","message":"Installing"} []
[2020-08-25 19:36:24] merlin-logger.DEBUG: A plugin with the following data was processed {"plugin_slug":"meks-easy-ads-widget"} []
[2020-08-25 19:36:24] merlin-logger.DEBUG: A plugin with the following data will be processed {"plugin_slug":"meks-easy-instagram-widget","message":"Installing"} []
[2020-08-25 19:36:28] merlin-logger.DEBUG: A plugin with the following data was processed {"plugin_slug":"meks-easy-instagram-widget"} []
[2020-08-25 19:36:29] merlin-logger.DEBUG: A plugin with the following data will be processed {"plugin_slug":"meks-easy-social-share","message":"Installing"} []
[2020-08-25 19:36:33] merlin-logger.DEBUG: A plugin with the following data was processed {"plugin_slug":"meks-easy-social-share"} []
[2020-08-25 19:36:34] merlin-logger.DEBUG: A plugin with the following data will be processed {"plugin_slug":"meks-flexible-shortcodes","message":"Installing"} []
[2020-08-25 19:36:39] merlin-logger.DEBUG: A plugin with the following data was processed {"plugin_slug":"meks-flexible-shortcodes"} []
[2020-08-25 19:36:39] merlin-logger.DEBUG: A plugin with the following data will be processed {"plugin_slug":"meks-simple-flickr-widget","message":"Installing"} []
[2020-08-25 19:36:43] merlin-logger.DEBUG: A plugin with the following data was processed {"plugin_slug":"meks-simple-flickr-widget"} []
[2020-08-25 19:36:44] merlin-logger.DEBUG: A plugin with the following data will be processed {"plugin_slug":"meks-smart-author-widget","message":"Installing"} []
[2020-08-25 19:36:48] merlin-logger.DEBUG: A plugin with the following data was processed {"plugin_slug":"meks-smart-author-widget"} []
[2020-08-25 19:36:48] merlin-logger.DEBUG: A plugin with the following data will be processed {"plugin_slug":"meks-smart-social-widget","message":"Installing"} []
[2020-08-25 19:36:53] merlin-logger.DEBUG: A plugin with the following data was processed {"plugin_slug":"meks-smart-social-widget"} []
[2020-08-25 19:36:53] merlin-logger.DEBUG: A plugin with the following data will be processed {"plugin_slug":"meks-themeforest-smart-widget","message":"Installing"} []
[2020-08-25 19:36:58] merlin-logger.DEBUG: A plugin with the following data was processed {"plugin_slug":"meks-themeforest-smart-widget"} []
[2020-08-25 19:36:58] merlin-logger.DEBUG: A plugin with the following data will be processed {"plugin_slug":"meks-time-ago","message":"Installing"} []
[2020-08-25 19:37:02] merlin-logger.DEBUG: A plugin with the following data was processed {"plugin_slug":"meks-time-ago"} []
[2020-08-25 19:37:02] merlin-logger.DEBUG: A plugin with the following data will be processed {"plugin_slug":"meks-video-importer","message":"Installing"} []
[2020-08-25 19:37:07] merlin-logger.DEBUG: A plugin with the following data was processed {"plugin_slug":"meks-video-importer"} []
[2020-08-25 19:37:07] merlin-logger.DEBUG: A plugin with the following data will be processed {"plugin_slug":"series","message":"Installing"} []
[2020-08-25 19:37:13] merlin-logger.DEBUG: A plugin with the following data was processed {"plugin_slug":"series"} []
[2020-08-25 19:37:14] merlin-logger.DEBUG: A plugin with the following data will be processed {"plugin_slug":"video-thumbnails","message":"Installing"} []
[2020-08-25 19:37:19] merlin-logger.DEBUG: A plugin with the following data was processed {"plugin_slug":"video-thumbnails"} []
[2020-08-25 19:37:19] merlin-logger.DEBUG: A plugin with the following data will be processed {"plugin_slug":"vlog-buddy","message":"Installing"} []
[2020-08-25 19:37:24] merlin-logger.DEBUG: A plugin with the following data was processed {"plugin_slug":"vlog-buddy"} []
[2020-08-25 19:37:25] merlin-logger.DEBUG: A plugin with the following data will be processed {"plugin_slug":"wpforms-lite","message":"Installing"} []
[2020-08-25 19:37:56] merlin-logger.DEBUG: A plugin with the following data was processed {"plugin_slug":"wpforms-lite"} []
[2020-08-25 19:38:01] merlin-logger.DEBUG: The content import step has been displayed [] []
[2020-08-25 19:43:16] merlin-logger.DEBUG: The final step has been displayed [] []
